Determining if the pthread_create exist failed with the following output:
Change Dir: /home/nare/Dropbox/WorkingDir/open_sourceing/open/Leo_libs/CMakeFiles/CMakeTmp

Run Build Command:"/usr/bin/make" "cmTC_581f3/fast"
/usr/bin/make -f CMakeFiles/cmTC_581f3.dir/build.make CMakeFiles/cmTC_581f3.dir/build
make[1]: Entering directory '/home/nare/Dropbox/WorkingDir/open_sourceing/open/Leo_libs/CMakeFiles/CMakeTmp'
Building C object CMakeFiles/cmTC_581f3.dir/CheckSymbolExists.c.o
/usr/bin/cc    -g -Wall -Wno-deprecated    -o CMakeFiles/cmTC_581f3.dir/CheckSymbolExists.c.o   -c /home/nare/Dropbox/WorkingDir/open_sourceing/open/Leo_libs/CMakeFiles/CMakeTmp/CheckSymbolExists.c
Linking C executable cmTC_581f3
/usr/bin/cmake -E cmake_link_script CMakeFiles/cmTC_581f3.dir/link.txt --verbose=1
/usr/bin/cc   -g -Wall -Wno-deprecated     CMakeFiles/cmTC_581f3.dir/CheckSymbolExists.c.o  -o cmTC_581f3 -rdynamic 
CMakeFiles/cmTC_581f3.dir/CheckSymbolExists.c.o: In function `main':
/home/nare/Dropbox/WorkingDir/open_sourceing/open/Leo_libs/CMakeFiles/CMakeTmp/CheckSymbolExists.c:8: undefined reference to `pthread_create'
collect2: error: ld returned 1 exit status
CMakeFiles/cmTC_581f3.dir/build.make:97: recipe for target 'cmTC_581f3' failed
make[1]: *** [cmTC_581f3] Error 1
make[1]: Leaving directory '/home/nare/Dropbox/WorkingDir/open_sourceing/open/Leo_libs/CMakeFiles/CMakeTmp'
Makefile:126: recipe for target 'cmTC_581f3/fast' failed
make: *** [cmTC_581f3/fast] Error 2

File /home/nare/Dropbox/WorkingDir/open_sourceing/open/Leo_libs/CMakeFiles/CMakeTmp/CheckSymbolExists.c:
/* */
#include <pthread.h>

int main(int argc, char** argv)
{
  (void)argv;
#ifndef pthread_create
  return ((int*)(&pthread_create))[argc];
#else
  (void)argc;
  return 0;
#endif
}

Determining if the function pthread_create exists in the pthreads failed with the following output:
Change Dir: /home/nare/Dropbox/WorkingDir/open_sourceing/open/Leo_libs/CMakeFiles/CMakeTmp

Run Build Command:"/usr/bin/make" "cmTC_2ba34/fast"
/usr/bin/make -f CMakeFiles/cmTC_2ba34.dir/build.make CMakeFiles/cmTC_2ba34.dir/build
make[1]: Entering directory '/home/nare/Dropbox/WorkingDir/open_sourceing/open/Leo_libs/CMakeFiles/CMakeTmp'
Building C object CMakeFiles/cmTC_2ba34.dir/CheckFunctionExists.c.o
/usr/bin/cc    -g -Wall -Wno-deprecated -DCHECK_FUNCTION_EXISTS=pthread_create   -o CMakeFiles/cmTC_2ba34.dir/CheckFunctionExists.c.o   -c /usr/share/cmake-3.5/Modules/CheckFunctionExists.c
Linking C executable cmTC_2ba34
/usr/bin/cmake -E cmake_link_script CMakeFiles/cmTC_2ba34.dir/link.txt --verbose=1
/usr/bin/cc   -g -Wall -Wno-deprecated -DCHECK_FUNCTION_EXISTS=pthread_create    CMakeFiles/cmTC_2ba34.dir/CheckFunctionExists.c.o  -o cmTC_2ba34 -rdynamic -lpthreads 
/usr/bin/ld: cannot find -lpthreads
collect2: error: ld returned 1 exit status
CMakeFiles/cmTC_2ba34.dir/build.make:97: recipe for target 'cmTC_2ba34' failed
make[1]: *** [cmTC_2ba34] Error 1
make[1]: Leaving directory '/home/nare/Dropbox/WorkingDir/open_sourceing/open/Leo_libs/CMakeFiles/CMakeTmp'
Makefile:126: recipe for target 'cmTC_2ba34/fast' failed
make: *** [cmTC_2ba34/fast] Error 2


