Determining if the pthread_create exist failed with the following output:
Change Dir: /home/nare/Dropbox/WorkingDir/open_sourceing/open/BCD_libs/CMakeFiles/CMakeTmp

Run Build Command:"/usr/bin/make" "cmTC_f1b15/fast"
/usr/bin/make -f CMakeFiles/cmTC_f1b15.dir/build.make CMakeFiles/cmTC_f1b15.dir/build
make[1]: Entering directory '/home/nare/Dropbox/WorkingDir/open_sourceing/open/BCD_libs/CMakeFiles/CMakeTmp'
Building C object CMakeFiles/cmTC_f1b15.dir/CheckSymbolExists.c.o
/usr/bin/cc    -g -Wall -Wno-deprecated    -o CMakeFiles/cmTC_f1b15.dir/CheckSymbolExists.c.o   -c /home/nare/Dropbox/WorkingDir/open_sourceing/open/BCD_libs/CMakeFiles/CMakeTmp/CheckSymbolExists.c
Linking C executable cmTC_f1b15
/usr/bin/cmake -E cmake_link_script CMakeFiles/cmTC_f1b15.dir/link.txt --verbose=1
/usr/bin/cc   -g -Wall -Wno-deprecated     CMakeFiles/cmTC_f1b15.dir/CheckSymbolExists.c.o  -o cmTC_f1b15 -rdynamic 
CMakeFiles/cmTC_f1b15.dir/CheckSymbolExists.c.o: In function `main':
/home/nare/Dropbox/WorkingDir/open_sourceing/open/BCD_libs/CMakeFiles/CMakeTmp/CheckSymbolExists.c:8: undefined reference to `pthread_create'
collect2: error: ld returned 1 exit status
CMakeFiles/cmTC_f1b15.dir/build.make:97: recipe for target 'cmTC_f1b15' failed
make[1]: *** [cmTC_f1b15] Error 1
make[1]: Leaving directory '/home/nare/Dropbox/WorkingDir/open_sourceing/open/BCD_libs/CMakeFiles/CMakeTmp'
Makefile:126: recipe for target 'cmTC_f1b15/fast' failed
make: *** [cmTC_f1b15/fast] Error 2

File /home/nare/Dropbox/WorkingDir/open_sourceing/open/BCD_libs/CMakeFiles/CMakeTmp/CheckSymbolExists.c:
/* */
#include <pthread.h>

int main(int argc, char** argv)
{
  (void)argv;
#ifndef pthread_create
  return ((int*)(&pthread_create))[argc];
#else
  (void)argc;
  return 0;
#endif
}

Determining if the function pthread_create exists in the pthreads failed with the following output:
Change Dir: /home/nare/Dropbox/WorkingDir/open_sourceing/open/BCD_libs/CMakeFiles/CMakeTmp

Run Build Command:"/usr/bin/make" "cmTC_96a3c/fast"
/usr/bin/make -f CMakeFiles/cmTC_96a3c.dir/build.make CMakeFiles/cmTC_96a3c.dir/build
make[1]: Entering directory '/home/nare/Dropbox/WorkingDir/open_sourceing/open/BCD_libs/CMakeFiles/CMakeTmp'
Building C object CMakeFiles/cmTC_96a3c.dir/CheckFunctionExists.c.o
/usr/bin/cc    -g -Wall -Wno-deprecated -DCHECK_FUNCTION_EXISTS=pthread_create   -o CMakeFiles/cmTC_96a3c.dir/CheckFunctionExists.c.o   -c /usr/share/cmake-3.5/Modules/CheckFunctionExists.c
Linking C executable cmTC_96a3c
/usr/bin/cmake -E cmake_link_script CMakeFiles/cmTC_96a3c.dir/link.txt --verbose=1
/usr/bin/cc   -g -Wall -Wno-deprecated -DCHECK_FUNCTION_EXISTS=pthread_create    CMakeFiles/cmTC_96a3c.dir/CheckFunctionExists.c.o  -o cmTC_96a3c -rdynamic -lpthreads 
/usr/bin/ld: cannot find -lpthreads
collect2: error: ld returned 1 exit status
CMakeFiles/cmTC_96a3c.dir/build.make:97: recipe for target 'cmTC_96a3c' failed
make[1]: *** [cmTC_96a3c] Error 1
make[1]: Leaving directory '/home/nare/Dropbox/WorkingDir/open_sourceing/open/BCD_libs/CMakeFiles/CMakeTmp'
Makefile:126: recipe for target 'cmTC_96a3c/fast' failed
make: *** [cmTC_96a3c/fast] Error 2


